[2020-06-28 07:35:18,935] {taskinstance.py:669} INFO - Dependencies all met for <TaskInstance: covid_data_dag.upload_data_hive_task 2020-06-28T02:02:58.754609+00:00 [queued]>
[2020-06-28 07:35:18,943] {taskinstance.py:669} INFO - Dependencies all met for <TaskInstance: covid_data_dag.upload_data_hive_task 2020-06-28T02:02:58.754609+00:00 [queued]>
[2020-06-28 07:35:18,943] {taskinstance.py:879} INFO - 
--------------------------------------------------------------------------------
[2020-06-28 07:35:18,943] {taskinstance.py:880} INFO - Starting attempt 1 of 2
[2020-06-28 07:35:18,943] {taskinstance.py:881} INFO - 
--------------------------------------------------------------------------------
[2020-06-28 07:35:18,951] {taskinstance.py:900} INFO - Executing <Task(PythonOperator): upload_data_hive_task> on 2020-06-28T02:02:58.754609+00:00
[2020-06-28 07:35:18,953] {standard_task_runner.py:53} INFO - Started process 17330 to run task
[2020-06-28 07:35:18,991] {logging_mixin.py:112} INFO - Running %s on host %s <TaskInstance: covid_data_dag.upload_data_hive_task 2020-06-28T02:02:58.754609+00:00 [running]> localhost.localdomain
[2020-06-28 07:35:28,232] {logging_mixin.py:112} INFO - +---------------+
|      partition|
+---------------+
|date=2020-28-06|
+---------------+
[2020-06-28 07:35:28,232] {logging_mixin.py:112} INFO - 
[2020-06-28 07:35:28,232] {logging_mixin.py:112} INFO - upload data to hive
[2020-06-28 07:35:28,232] {python_operator.py:114} INFO - Done. Returned value was: None
[2020-06-28 07:35:28,235] {taskinstance.py:1052} INFO - Marking task as SUCCESS.dag_id=covid_data_dag, task_id=upload_data_hive_task, execution_date=20200628T020258, start_date=20200628T020518, end_date=20200628T020528
[2020-06-28 07:35:28,932] {logging_mixin.py:112} INFO - [2020-06-28 07:35:28,932] {local_task_job.py:103} INFO - Task exited with return code 0
