[2020-07-03 17:38:45,017] {taskinstance.py:669} INFO - Dependencies all met for <TaskInstance: covid_data_dag.get_covid_data_upload_hdfs_task 2020-07-03T12:07:57.655844+00:00 [queued]>
[2020-07-03 17:38:45,024] {taskinstance.py:669} INFO - Dependencies all met for <TaskInstance: covid_data_dag.get_covid_data_upload_hdfs_task 2020-07-03T12:07:57.655844+00:00 [queued]>
[2020-07-03 17:38:45,024] {taskinstance.py:879} INFO - 
--------------------------------------------------------------------------------
[2020-07-03 17:38:45,024] {taskinstance.py:880} INFO - Starting attempt 1 of 2
[2020-07-03 17:38:45,024] {taskinstance.py:881} INFO - 
--------------------------------------------------------------------------------
[2020-07-03 17:38:45,032] {taskinstance.py:900} INFO - Executing <Task(PythonOperator): get_covid_data_upload_hdfs_task> on 2020-07-03T12:07:57.655844+00:00
[2020-07-03 17:38:45,034] {standard_task_runner.py:53} INFO - Started process 71185 to run task
[2020-07-03 17:38:45,078] {logging_mixin.py:112} INFO - Running %s on host %s <TaskInstance: covid_data_dag.get_covid_data_upload_hdfs_task 2020-07-03T12:07:57.655844+00:00 [running]> localhost.localdomain
[2020-07-03 17:38:45,515] {logging_mixin.py:112} INFO - API Data is valid
[2020-07-03 17:38:45,530] {logging_mixin.py:112} INFO -     active confirmed deaths recovered                                     state        date
0   229461    628445  18241    380677                                     Total  2020-07-03
1    77260    186626   8178    101172                               Maharashtra  2020-07-03
2    41050     98392   1321     56021                                Tamil Nadu  2020-07-03
3    26304     92175   2864     63007                                     Delhi  2020-07-03
4     7511     33999   1887     24601                                   Gujarat  2020-07-03
5     6869     24825    735     17221                             Uttar Pradesh  2020-07-03
6     3307     18785    435     15043                                 Rajasthan  2020-07-03
7     6083     19819    699     13037                               West Bengal  2020-07-03
8     2702     14106    589     10815                            Madhya Pradesh  2020-07-03
9     4407     15732    251     11074                                   Haryana  2020-07-03
10    6031      6031      0         0                          State Unassigned  2020-07-03
11    9404     18016    272      8336                                 Karnataka  2020-07-03
12    9096     16934    206      7632                            Andhra Pradesh  2020-07-03
13    2842     10914     78      7994                                     Bihar  2020-07-03
14    9226     18570    275      9069                                 Telangana  2020-07-03
15    2760      7849    115      4974                         Jammu and Kashmir  2020-07-03
16    3311      9435     14      6107                                     Assam  2020-07-03
17    2364      8106     37      5705                                    Odisha  2020-07-03
18    1488      5784    152      4144                                    Punjab  2020-07-03
19    2088      4754     26      2638                                    Kerala  2020-07-03
20     510      2984     42      2405                               Uttarakhand  2020-07-03
21     637      3013     14      2362                              Chhattisgarh  2020-07-03
22     631      2634     15      1988                                 Jharkhand  2020-07-03
23     293      1440      1      1146                                   Tripura  2020-07-03
24     261       991      1       729                                    Ladakh  2020-07-03
25     744      1482      4       734                                       Goa  2020-07-03
26     357      1016      9       637                          Himachal Pradesh  2020-07-03
27     663      1279      0       616                                   Manipur  2020-07-03
28      55       450      6       389                                Chandigarh  2020-07-03
29     427       824     13       384                                Puducherry  2020-07-03
30     311       539      0       228                                  Nagaland  2020-07-03
31      35       162      0       127                                   Mizoram  2020-07-03
32     160       232      1        71                         Arunachal Pradesh  2020-07-03
33      49       101      0        52                                    Sikkim  2020-07-03
34     142       268      0       125  Dadra and Nagar Haveli and Daman and Diu  2020-07-03
35      65       116      0        51               Andaman and Nicobar Islands  2020-07-03
36      18        62      1        43                                 Meghalaya  2020-07-03
37       0         0      0         0                               Lakshadweep  2020-07-03
[2020-07-03 17:38:50,745] {logging_mixin.py:112} INFO - Covid Statewise Data CSV is uploaded to HDFS
[2020-07-03 17:38:50,745] {python_operator.py:114} INFO - Done. Returned value was: None
[2020-07-03 17:38:50,748] {taskinstance.py:1052} INFO - Marking task as SUCCESS.dag_id=covid_data_dag, task_id=get_covid_data_upload_hdfs_task, execution_date=20200703T120757, start_date=20200703T120845, end_date=20200703T120850
[2020-07-03 17:38:55,017] {logging_mixin.py:112} INFO - [2020-07-03 17:38:55,016] {local_task_job.py:103} INFO - Task exited with return code 0
