[2020-07-01 12:00:22,654] {taskinstance.py:669} INFO - Dependencies all met for <TaskInstance: covid_data_dag.upload_data_hive_task 2020-07-01T06:28:36.742935+00:00 [queued]>
[2020-07-01 12:00:22,661] {taskinstance.py:669} INFO - Dependencies all met for <TaskInstance: covid_data_dag.upload_data_hive_task 2020-07-01T06:28:36.742935+00:00 [queued]>
[2020-07-01 12:00:22,661] {taskinstance.py:879} INFO - 
--------------------------------------------------------------------------------
[2020-07-01 12:00:22,661] {taskinstance.py:880} INFO - Starting attempt 1 of 2
[2020-07-01 12:00:22,661] {taskinstance.py:881} INFO - 
--------------------------------------------------------------------------------
[2020-07-01 12:00:22,669] {taskinstance.py:900} INFO - Executing <Task(PythonOperator): upload_data_hive_task> on 2020-07-01T06:28:36.742935+00:00
[2020-07-01 12:00:22,671] {standard_task_runner.py:53} INFO - Started process 21132 to run task
[2020-07-01 12:00:22,711] {logging_mixin.py:112} INFO - Running %s on host %s <TaskInstance: covid_data_dag.upload_data_hive_task 2020-07-01T06:28:36.742935+00:00 [running]> localhost.localdomain
[2020-07-01 12:00:31,295] {logging_mixin.py:112} INFO - +---------------+
|      partition|
+---------------+
|date=2020-01-07|
|date=2020-28-06|
|date=2020-29-06|
+---------------+
[2020-07-01 12:00:31,295] {logging_mixin.py:112} INFO - 
[2020-07-01 12:00:31,295] {logging_mixin.py:112} INFO - upload data to hive
[2020-07-01 12:00:31,295] {python_operator.py:114} INFO - Done. Returned value was: None
[2020-07-01 12:00:31,298] {taskinstance.py:1052} INFO - Marking task as SUCCESS.dag_id=covid_data_dag, task_id=upload_data_hive_task, execution_date=20200701T062836, start_date=20200701T063022, end_date=20200701T063031
[2020-07-01 12:00:32,651] {logging_mixin.py:112} INFO - [2020-07-01 12:00:32,650] {local_task_job.py:103} INFO - Task exited with return code 0
