[2020-06-29 16:35:23,791] {taskinstance.py:669} INFO - Dependencies all met for <TaskInstance: covid_data_dag.upload_data_hive_task 2020-06-29T11:02:26.241338+00:00 [queued]>
[2020-06-29 16:35:23,802] {taskinstance.py:669} INFO - Dependencies all met for <TaskInstance: covid_data_dag.upload_data_hive_task 2020-06-29T11:02:26.241338+00:00 [queued]>
[2020-06-29 16:35:23,803] {taskinstance.py:879} INFO - 
--------------------------------------------------------------------------------
[2020-06-29 16:35:23,803] {taskinstance.py:880} INFO - Starting attempt 1 of 2
[2020-06-29 16:35:23,803] {taskinstance.py:881} INFO - 
--------------------------------------------------------------------------------
[2020-06-29 16:35:23,812] {taskinstance.py:900} INFO - Executing <Task(PythonOperator): upload_data_hive_task> on 2020-06-29T11:02:26.241338+00:00
[2020-06-29 16:35:23,816] {standard_task_runner.py:53} INFO - Started process 50183 to run task
[2020-06-29 16:35:23,872] {logging_mixin.py:112} INFO - Running %s on host %s <TaskInstance: covid_data_dag.upload_data_hive_task 2020-06-29T11:02:26.241338+00:00 [running]> localhost.localdomain
[2020-06-29 16:35:34,319] {logging_mixin.py:112} INFO - +---------------+
|      partition|
+---------------+
|date=2020-28-06|
|date=2020-29-06|
+---------------+
[2020-06-29 16:35:34,319] {logging_mixin.py:112} INFO - 
[2020-06-29 16:35:34,319] {logging_mixin.py:112} INFO - upload data to hive
[2020-06-29 16:35:34,319] {python_operator.py:114} INFO - Done. Returned value was: None
[2020-06-29 16:35:34,324] {taskinstance.py:1052} INFO - Marking task as SUCCESS.dag_id=covid_data_dag, task_id=upload_data_hive_task, execution_date=20200629T110226, start_date=20200629T110523, end_date=20200629T110534
[2020-06-29 16:35:38,809] {logging_mixin.py:112} INFO - [2020-06-29 16:35:38,808] {local_task_job.py:103} INFO - Task exited with return code 0
